<?xml version="1.0" encoding="UTF-8"?>
<!-- Generated by org.testng.reporters.JUnitXMLReporter -->
<testsuite ignored="0" hostname="LAPTOP-NLARMDD7" failures="1" tests="2" name="Submit Order Test" time="23.392" errors="0" timestamp="2025-06-13T20:37:37 IST">
  <testcase classname="Automation.Framework.StandaloneTest2" name="Standalone" time="2.725"/>
  <testcase classname="Automation.Framework.StandaloneTest2" name="Standalone" time="11.72">
    <failure type="java.lang.AssertionError" message="expected [true] but found [false]">
      <![CDATA[java.lang.AssertionError: expected [true] but found [false]
at Automation.Framework.StandaloneTest2.Standalone(StandaloneTest2.java:51)
at java.base/java.util.ArrayList.forEach(ArrayList.java:1596)
at java.base/java.util.concurrent.FutureTask.run(FutureTask.java:317)
at java.base/java.util.concurrent.ThreadPoolExecutor.runWorker(ThreadPoolExecutor.java:1144)
at java.base/java.util.concurrent.ThreadPoolExecutor$Worker.run(ThreadPoolExecutor.java:642)
at java.base/java.lang.Thread.run(Thread.java:1583)
... Removed 19 stack frames]]>
    </failure>
  </testcase> <!-- Standalone -->
</testsuite> <!-- Submit Order Test -->
